<?xml version="1.0" encoding="UTF-8"?>
<testsuite name="groovy.EmployeeServiceImplTest" tests="1" skipped="0" failures="0" errors="0" timestamp="2024-07-30T17:38:55" hostname="Amados-MBP.ht.home" time="0.078">
  <properties/>
  <testcase name="getLastEmployeesToJoin to return successfully and get the last employees to join our company " classname="groovy.EmployeeServiceImplTest" time="0.078"/>
  <system-out><![CDATA[]]></system-out>
  <system-err><![CDATA[]]></system-err>
</testsuite>
