<?xml version="1.0" encoding="UTF-8"?>
<testsuite name="groovy.EmployeeServiceImplTest" tests="2" skipped="0" failures="0" errors="0" timestamp="2024-07-08T21:40:30" hostname="Amados-MBP.ht.home" time="0.066">
  <properties/>
  <testcase name="Test getEmployeesWithFirstName method with existing employees" classname="groovy.EmployeeServiceImplTest" time="0.061"/>
  <testcase name="Test getEmployeesWithFirstName method with non-existing employees" classname="groovy.EmployeeServiceImplTest" time="0.005"/>
  <system-out><![CDATA[]]></system-out>
  <system-err><![CDATA[]]></system-err>
</testsuite>
