<?xml version="1.0" encoding="UTF-8"?>
<testsuite name="groovy.EmployeeServiceImplTest" tests="8" skipped="0" failures="0" errors="0" timestamp="2024-07-30T17:21:56" hostname="Amados-MBP.ht.home" time="0.161">
  <properties/>
  <testcase name="Test getEmployeesWithFirstName method with existing employees" classname="groovy.EmployeeServiceImplTest" time="0.057"/>
  <testcase name="Test getEmployeesWithFirstName method with non-existing employees" classname="groovy.EmployeeServiceImplTest" time="0.004"/>
  <testcase name="getCompanyAverageSalary returns correct average salary [averageSalary: 50000.00, #0]" classname="groovy.EmployeeServiceImplTest" time="0.002"/>
  <testcase name="getDepartmentAverageSalary returns successful average salary for each department" classname="groovy.EmployeeServiceImplTest" time="0.023"/>
  <testcase name="getEmployeesByDepartment returns successful headcount of each department " classname="groovy.EmployeeServiceImplTest" time="0.004"/>
  <testcase name="getDepartmentAnnualPayroll returns successful payroll for each department " classname="groovy.EmployeeServiceImplTest" time="0.005"/>
  <testcase name="getMedianSalaryByDepartment returns successfully and gets the median salary of each department " classname="groovy.EmployeeServiceImplTest" time="0.005"/>
  <testcase name="getFirstEmployeesToJoin returns successfully and gets the first employees to join the company " classname="groovy.EmployeeServiceImplTest" time="0.024"/>
  <system-out><![CDATA[]]></system-out>
  <system-err><![CDATA[]]></system-err>
</testsuite>
