<?xml version="1.0" encoding="UTF-8"?>
<testsuite name="groovy.EmployeeServiceImplTest" tests="1" skipped="0" failures="0" errors="0" timestamp="2024-07-25T18:03:51" hostname="Amados-MBP.ht.home" time="0.063">
  <properties/>
  <testcase name="getMedianSalaryByDepartment returns successfully and gets the median salary of each department " classname="groovy.EmployeeServiceImplTest" time="0.063"/>
  <system-out><![CDATA[]]></system-out>
  <system-err><![CDATA[]]></system-err>
</testsuite>
