<?xml version="1.0" encoding="UTF-8"?>
<testsuite name="groovy.EmployeeServiceImplTest" tests="5" skipped="0" failures="0" errors="0" timestamp="2024-07-24T18:54:32" hostname="Amados-MBP.ht.home" time="0.134">
  <properties/>
  <testcase name="Test getEmployeesWithFirstName method with existing employees" classname="groovy.EmployeeServiceImplTest" time="0.064"/>
  <testcase name="Test getEmployeesWithFirstName method with non-existing employees" classname="groovy.EmployeeServiceImplTest" time="0.006"/>
  <testcase name="getCompanyAverageSalary returns correct average salary [averageSalary: 50000.00, #0]" classname="groovy.EmployeeServiceImplTest" time="0.002"/>
  <testcase name="getDepartmentAverageSalary returns successful average salary for each department" classname="groovy.EmployeeServiceImplTest" time="0.014"/>
  <testcase name="getEmployeesByDepartment returns successful headcount of each department " classname="groovy.EmployeeServiceImplTest" time="0.005"/>
  <system-out><![CDATA[]]></system-out>
  <system-err><![CDATA[]]></system-err>
</testsuite>
