<?xml version="1.0" encoding="UTF-8"?>
<testsuite name="groovy.EmployeeServiceImplTest" tests="4" skipped="0" failures="0" errors="0" timestamp="2024-07-09T19:02:05" hostname="Amados-MBP.ht.home" time="0.179">
  <properties/>
  <testcase name="Test getEmployeesWithFirstName method with existing employees" classname="groovy.EmployeeServiceImplTest" time="0.094"/>
  <testcase name="Test getEmployeesWithFirstName method with non-existing employees" classname="groovy.EmployeeServiceImplTest" time="0.005"/>
  <testcase name="getCompanyAverageSalary returns correct average salary [averageSalary: 50000.00, #0]" classname="groovy.EmployeeServiceImplTest" time="0.003"/>
  <testcase name="getDepartmentAverageSalary returns successful average salary for each department" classname="groovy.EmployeeServiceImplTest" time="0.024"/>
  <system-out><![CDATA[]]></system-out>
  <system-err><![CDATA[]]></system-err>
</testsuite>
